<?xml version="1.0" encoding="UTF-8"?>
<!-- Generated by org.testng.reporters.JUnitXMLReporter -->
<testsuite hostname="Celes" name="Test" tests="1" failures="0" timestamp="3 Jun 2018 15:27:43 GMT" time="50.539" errors="0">
  <testcase name="@BeforeTest beforeTest" time="0.0" classname="example.NewTest">
    <failure type="org.openqa.selenium.WebDriverException" message="Failed to connect to binary FirefoxBinary(C:\Program Files (x86)\Mozilla Firefox\firefox.exe) on port 7055; process output follows: 
pi-utils	DEBUG	Successfully read XPI database
1528039618975	DeferredSave.webext.sc.lz4	DEBUG	Save changes
1528039618975	DeferredSave.webext.sc.lz4	DEBUG	Starting timer
1528039619003	DeferredSave.webext.sc.lz4	DEBUG	Save changes
1528039619003	DeferredSave.webext.sc.lz4	DEBUG	Save changes
1528039619005	DeferredSave.webext.sc.lz4	DEBUG	Save changes
1528039619006	DeferredSave.webext.sc.lz4	DEBUG	Save changes
1528039619007	DeferredSave.webext.sc.lz4	DEBUG	Save changes
1528039619009	DeferredSave.webext.sc.lz4	DEBUG	Save changes
1528039619010	DeferredSave.webext.sc.lz4	DEBUG	Save changes
1528039619010	DeferredSave.webext.sc.lz4	DEBUG	Save changes
1528039619013	DeferredSave.webext.sc.lz4	DEBUG	Save changes
1528039619013	DeferredSave.webext.sc.lz4	DEBUG	Save changes
1528039619014	DeferredSave.webext.sc.lz4	DEBUG	Save changes
1528039619015	DeferredSave.webext.sc.lz4	DEBUG	Save changes
1528039619016	DeferredSave.webext.sc.lz4	DEBUG	Save changes
1528039619016	DeferredSave.webext.sc.lz4	DEBUG	Save changes
1528039619017	DeferredSave.webext.sc.lz4	DEBUG	Save changes
1528039619018	DeferredSave.webext.sc.lz4	DEBUG	Save changes
1528039619019	DeferredSave.webext.sc.lz4	DEBUG	Save changes
1528039619019	DeferredSave.webext.sc.lz4	DEBUG	Save changes
1528039619020	DeferredSave.webext.sc.lz4	DEBUG	Save changes
1528039619020	DeferredSave.webext.sc.lz4	DEBUG	Save changes
1528039619022	DeferredSave.webext.sc.lz4	DEBUG	Save changes
1528039619023	DeferredSave.webext.sc.lz4	DEBUG	Save changes
1528039619024	DeferredSave.webext.sc.lz4	DEBUG	Save changes
1528039619024	DeferredSave.webext.sc.lz4	DEBUG	Save changes
1528039619024	DeferredSave.webext.sc.lz4	DEBUG	Save changes
1528039619025	DeferredSave.webext.sc.lz4	DEBUG	Save changes
1528039619025	DeferredSave.webext.sc.lz4	DEBUG	Save changes
1528039619026	DeferredSave.webext.sc.lz4	DEBUG	Save changes
1528039619027	DeferredSave.webext.sc.lz4	DEBUG	Save changes
1528039619027	DeferredSave.webext.sc.lz4	DEBUG	Save changes
1528039619028	DeferredSave.webext.sc.lz4	DEBUG	Save changes
1528039619028	DeferredSave.webext.sc.lz4	DEBUG	Save changes
1528039619029	DeferredSave.webext.sc.lz4	DEBUG	Save changes
1528039619029	DeferredSave.webext.sc.lz4	DEBUG	Save changes
1528039619030	DeferredSave.webext.sc.lz4	DEBUG	Save changes
1528039619030	DeferredSave.webext.sc.lz4	DEBUG	Save changes
1528039619030	DeferredSave.webext.sc.lz4	DEBUG	Save changes
1528039619031	DeferredSave.webext.sc.lz4	DEBUG	Save changes
1528039619032	DeferredSave.webext.sc.lz4	DEBUG	Save changes
1528039619032	DeferredSave.webext.sc.lz4	DEBUG	Save changes
1528039619033	DeferredSave.webext.sc.lz4	DEBUG	Save changes
1528039619033	DeferredSave.webext.sc.lz4	DEBUG	Save changes
1528039619034	DeferredSave.webext.sc.lz4	DEBUG	Save changes
1528039619035	DeferredSave.webext.sc.lz4	DEBUG	Save changes
1528039619036	DeferredSave.webext.sc.lz4	DEBUG	Save changes
1528039619042	DeferredSave.webext.sc.lz4	DEBUG	Save changes
1528039619043	DeferredSave.webext.sc.lz4	DEBUG	Save changes
1528039619046	DeferredSave.webext.sc.lz4	DEBUG	Save changes
1528039619047	DeferredSave.webext.sc.lz4	DEBUG	Save changes
1528039619052	DeferredSave.webext.sc.lz4	DEBUG	Save changes
1528039619074	DeferredSave.webext.sc.lz4	DEBUG	Save changes
1528039619151	addons.productaddons	INFO	sending request to: https://aus5.mozilla.org/update/3/GMP/56.0/20170926190823/WINNT_x86-msvc-x64/en-US/release/Windows_NT%2010.0.0.0%20(x64)/default/default/update.xml
1528039619759	addons.productaddons	INFO	Completed downloading document
1528039620033	addons.productaddons	INFO	downloadXHR File download. status=200
1528039620035	addons.productaddons	INFO	Downloaded file will be saved to C:\Users\celes\AppData\Local\Temp\tmpaddon-e88639
1528039621142	addons.productaddons	INFO	downloadXHR File download. status=200
1528039621145	addons.productaddons	INFO	Downloaded file will be saved to C:\Users\celes\AppData\Local\Temp\tmpaddon-1fe3be
1528039623979	DeferredSave.webext.sc.lz4	DEBUG	Starting write
1528039623984	DeferredSave.webext.sc.lz4	DEBUG	Write succeeded

Build info: version: &amp;apos;2.45.0&amp;apos;, revision: &amp;apos;5017cb8e7ca8e37638dc3091b2440b90a1d8686f&amp;apos;, time: &amp;apos;2015-02-27 09:10:26&amp;apos;
System info: host: &amp;apos;Celes&amp;apos;, ip: &amp;apos;192.168.1.5&amp;apos;, os.name: &amp;apos;Windows 10&amp;apos;, os.arch: &amp;apos;amd64&amp;apos;, os.version: &amp;apos;10.0&amp;apos;, java.version: &amp;apos;1.8.0_161&amp;apos;
Driver info: driver.version: FirefoxDriver">
      <![CDATA[org.openqa.selenium.WebDriverException: Failed to connect to binary FirefoxBinary(C:\Program Files (x86)\Mozilla Firefox\firefox.exe) on port 7055; process output follows: 
pi-utils	DEBUG	Successfully read XPI database
1528039618975	DeferredSave.webext.sc.lz4	DEBUG	Save changes
1528039618975	DeferredSave.webext.sc.lz4	DEBUG	Starting timer
1528039619003	DeferredSave.webext.sc.lz4	DEBUG	Save changes
1528039619003	DeferredSave.webext.sc.lz4	DEBUG	Save changes
1528039619005	DeferredSave.webext.sc.lz4	DEBUG	Save changes
1528039619006	DeferredSave.webext.sc.lz4	DEBUG	Save changes
1528039619007	DeferredSave.webext.sc.lz4	DEBUG	Save changes
1528039619009	DeferredSave.webext.sc.lz4	DEBUG	Save changes
1528039619010	DeferredSave.webext.sc.lz4	DEBUG	Save changes
1528039619010	DeferredSave.webext.sc.lz4	DEBUG	Save changes
1528039619013	DeferredSave.webext.sc.lz4	DEBUG	Save changes
1528039619013	DeferredSave.webext.sc.lz4	DEBUG	Save changes
1528039619014	DeferredSave.webext.sc.lz4	DEBUG	Save changes
1528039619015	DeferredSave.webext.sc.lz4	DEBUG	Save changes
1528039619016	DeferredSave.webext.sc.lz4	DEBUG	Save changes
1528039619016	DeferredSave.webext.sc.lz4	DEBUG	Save changes
1528039619017	DeferredSave.webext.sc.lz4	DEBUG	Save changes
1528039619018	DeferredSave.webext.sc.lz4	DEBUG	Save changes
1528039619019	DeferredSave.webext.sc.lz4	DEBUG	Save changes
1528039619019	DeferredSave.webext.sc.lz4	DEBUG	Save changes
1528039619020	DeferredSave.webext.sc.lz4	DEBUG	Save changes
1528039619020	DeferredSave.webext.sc.lz4	DEBUG	Save changes
1528039619022	DeferredSave.webext.sc.lz4	DEBUG	Save changes
1528039619023	DeferredSave.webext.sc.lz4	DEBUG	Save changes
1528039619024	DeferredSave.webext.sc.lz4	DEBUG	Save changes
1528039619024	DeferredSave.webext.sc.lz4	DEBUG	Save changes
1528039619024	DeferredSave.webext.sc.lz4	DEBUG	Save changes
1528039619025	DeferredSave.webext.sc.lz4	DEBUG	Save changes
1528039619025	DeferredSave.webext.sc.lz4	DEBUG	Save changes
1528039619026	DeferredSave.webext.sc.lz4	DEBUG	Save changes
1528039619027	DeferredSave.webext.sc.lz4	DEBUG	Save changes
1528039619027	DeferredSave.webext.sc.lz4	DEBUG	Save changes
1528039619028	DeferredSave.webext.sc.lz4	DEBUG	Save changes
1528039619028	DeferredSave.webext.sc.lz4	DEBUG	Save changes
1528039619029	DeferredSave.webext.sc.lz4	DEBUG	Save changes
1528039619029	DeferredSave.webext.sc.lz4	DEBUG	Save changes
1528039619030	DeferredSave.webext.sc.lz4	DEBUG	Save changes
1528039619030	DeferredSave.webext.sc.lz4	DEBUG	Save changes
1528039619030	DeferredSave.webext.sc.lz4	DEBUG	Save changes
1528039619031	DeferredSave.webext.sc.lz4	DEBUG	Save changes
1528039619032	DeferredSave.webext.sc.lz4	DEBUG	Save changes
1528039619032	DeferredSave.webext.sc.lz4	DEBUG	Save changes
1528039619033	DeferredSave.webext.sc.lz4	DEBUG	Save changes
1528039619033	DeferredSave.webext.sc.lz4	DEBUG	Save changes
1528039619034	DeferredSave.webext.sc.lz4	DEBUG	Save changes
1528039619035	DeferredSave.webext.sc.lz4	DEBUG	Save changes
1528039619036	DeferredSave.webext.sc.lz4	DEBUG	Save changes
1528039619042	DeferredSave.webext.sc.lz4	DEBUG	Save changes
1528039619043	DeferredSave.webext.sc.lz4	DEBUG	Save changes
1528039619046	DeferredSave.webext.sc.lz4	DEBUG	Save changes
1528039619047	DeferredSave.webext.sc.lz4	DEBUG	Save changes
1528039619052	DeferredSave.webext.sc.lz4	DEBUG	Save changes
1528039619074	DeferredSave.webext.sc.lz4	DEBUG	Save changes
1528039619151	addons.productaddons	INFO	sending request to: https://aus5.mozilla.org/update/3/GMP/56.0/20170926190823/WINNT_x86-msvc-x64/en-US/release/Windows_NT%2010.0.0.0%20(x64)/default/default/update.xml
1528039619759	addons.productaddons	INFO	Completed downloading document
1528039620033	addons.productaddons	INFO	downloadXHR File download. status=200
1528039620035	addons.productaddons	INFO	Downloaded file will be saved to C:\Users\celes\AppData\Local\Temp\tmpaddon-e88639
1528039621142	addons.productaddons	INFO	downloadXHR File download. status=200
1528039621145	addons.productaddons	INFO	Downloaded file will be saved to C:\Users\celes\AppData\Local\Temp\tmpaddon-1fe3be
1528039623979	DeferredSave.webext.sc.lz4	DEBUG	Starting write
1528039623984	DeferredSave.webext.sc.lz4	DEBUG	Write succeeded

Build info: version: '2.45.0', revision: '5017cb8e7ca8e37638dc3091b2440b90a1d8686f', time: '2015-02-27 09:10:26'
System info: host: 'Celes', ip: '192.168.1.5', os.name: 'Windows 10', os.arch: 'amd64', os.version: '10.0', java.version: '1.8.0_161'
Driver info: driver.version: FirefoxDriver
	at org.openqa.selenium.firefox.internal.NewProfileExtensionConnection.start(NewProfileExtensionConnection.java:130)
	at org.openqa.selenium.firefox.FirefoxDriver.startClient(FirefoxDriver.java:246)
	at org.openqa.selenium.remote.RemoteWebDriver.<init>(RemoteWebDriver.java:114)
	at org.openqa.selenium.firefox.FirefoxDriver.<init>(FirefoxDriver.java:191)
	at org.openqa.selenium.firefox.FirefoxDriver.<init>(FirefoxDriver.java:186)
	at org.openqa.selenium.firefox.FirefoxDriver.<init>(FirefoxDriver.java:182)
	at org.openqa.selenium.firefox.FirefoxDriver.<init>(FirefoxDriver.java:95)
	at example.NewTest.beforeTest(NewTest.java:20)
Caused by: org.openqa.selenium.firefox.NotConnectedException: Unable to connect to host 127.0.0.1 on port 7055 after 45000 ms. Firefox console output:
pi-utils	DEBUG	Successfully read XPI database
1528039618975	DeferredSave.webext.sc.lz4	DEBUG	Save changes
1528039618975	DeferredSave.webext.sc.lz4	DEBUG	Starting timer
1528039619003	DeferredSave.webext.sc.lz4	DEBUG	Save changes
1528039619003	DeferredSave.webext.sc.lz4	DEBUG	Save changes
1528039619005	DeferredSave.webext.sc.lz4	DEBUG	Save changes
1528039619006	DeferredSave.webext.sc.lz4	DEBUG	Save changes
1528039619007	DeferredSave.webext.sc.lz4	DEBUG	Save changes
1528039619009	DeferredSave.webext.sc.lz4	DEBUG	Save changes
1528039619010	DeferredSave.webext.sc.lz4	DEBUG	Save changes
1528039619010	DeferredSave.webext.sc.lz4	DEBUG	Save changes
1528039619013	DeferredSave.webext.sc.lz4	DEBUG	Save changes
1528039619013	DeferredSave.webext.sc.lz4	DEBUG	Save changes
1528039619014	DeferredSave.webext.sc.lz4	DEBUG	Save changes
1528039619015	DeferredSave.webext.sc.lz4	DEBUG	Save changes
1528039619016	DeferredSave.webext.sc.lz4	DEBUG	Save changes
1528039619016	DeferredSave.webext.sc.lz4	DEBUG	Save changes
1528039619017	DeferredSave.webext.sc.lz4	DEBUG	Save changes
1528039619018	DeferredSave.webext.sc.lz4	DEBUG	Save changes
1528039619019	DeferredSave.webext.sc.lz4	DEBUG	Save changes
1528039619019	DeferredSave.webext.sc.lz4	DEBUG	Save changes
1528039619020	DeferredSave.webext.sc.lz4	DEBUG	Save changes
1528039619020	DeferredSave.webext.sc.lz4	DEBUG	Save changes
1528039619022	DeferredSave.webext.sc.lz4	DEBUG	Save changes
1528039619023	DeferredSave.webext.sc.lz4	DEBUG	Save changes
1528039619024	DeferredSave.webext.sc.lz4	DEBUG	Save changes
1528039619024	DeferredSave.webext.sc.lz4	DEBUG	Save changes
1528039619024	DeferredSave.webext.sc.lz4	DEBUG	Save changes
1528039619025	DeferredSave.webext.sc.lz4	DEBUG	Save changes
1528039619025	DeferredSave.webext.sc.lz4	DEBUG	Save changes
1528039619026	DeferredSave.webext.sc.lz4	DEBUG	Save changes
1528039619027	DeferredSave.webext.sc.lz4	DEBUG	Save changes
1528039619027	DeferredSave.webext.sc.lz4	DEBUG	Save changes
1528039619028	DeferredSave.webext.sc.lz4	DEBUG	Save changes
1528039619028	DeferredSave.webext.sc.lz4	DEBUG	Save changes
1528039619029	DeferredSave.webext.sc.lz4	DEBUG	Save changes
1528039619029	DeferredSave.webext.sc.lz4	DEBUG	Save changes
1528039619030	DeferredSave.webext.sc.lz4	DEBUG	Save changes
1528039619030	DeferredSave.webext.sc.lz4	DEBUG	Save changes
1528039619030	DeferredSave.webext.sc.lz4	DEBUG	Save changes
1528039619031	DeferredSave.webext.sc.lz4	DEBUG	Save changes
1528039619032	DeferredSave.webext.sc.lz4	DEBUG	Save changes
1528039619032	DeferredSave.webext.sc.lz4	DEBUG	Save changes
1528039619033	DeferredSave.webext.sc.lz4	DEBUG	Save changes
1528039619033	DeferredSave.webext.sc.lz4	DEBUG	Save changes
1528039619034	DeferredSave.webext.sc.lz4	DEBUG	Save changes
1528039619035	DeferredSave.webext.sc.lz4	DEBUG	Save changes
1528039619036	DeferredSave.webext.sc.lz4	DEBUG	Save changes
1528039619042	DeferredSave.webext.sc.lz4	DEBUG	Save changes
1528039619043	DeferredSave.webext.sc.lz4	DEBUG	Save changes
1528039619046	DeferredSave.webext.sc.lz4	DEBUG	Save changes
1528039619047	DeferredSave.webext.sc.lz4	DEBUG	Save changes
1528039619052	DeferredSave.webext.sc.lz4	DEBUG	Save changes
1528039619074	DeferredSave.webext.sc.lz4	DEBUG	Save changes
1528039619151	addons.productaddons	INFO	sending request to: https://aus5.mozilla.org/update/3/GMP/56.0/20170926190823/WINNT_x86-msvc-x64/en-US/release/Windows_NT%2010.0.0.0%20(x64)/default/default/update.xml
1528039619759	addons.productaddons	INFO	Completed downloading document
1528039620033	addons.productaddons	INFO	downloadXHR File download. status=200
1528039620035	addons.productaddons	INFO	Downloaded file will be saved to C:\Users\celes\AppData\Local\Temp\tmpaddon-e88639
1528039621142	addons.productaddons	INFO	downloadXHR File download. status=200
1528039621145	addons.productaddons	INFO	Downloaded file will be saved to C:\Users\celes\AppData\Local\Temp\tmpaddon-1fe3be
1528039623979	DeferredSave.webext.sc.lz4	DEBUG	Starting write
1528039623984	DeferredSave.webext.sc.lz4	DEBUG	Write succeeded

	at org.openqa.selenium.firefox.internal.NewProfileExtensionConnection.start(NewProfileExtensionConnection.java:118)
	... 29 more
... Removed 22 stack frames]]>
    </failure>
  </testcase> <!-- @BeforeTest beforeTest -->
  <testcase name="@AfterTest afterTest" time="0.0" classname="example.NewTest">
    <skipped/>
  </testcase> <!-- @AfterTest afterTest -->
  <testcase name="testEasy" time="0.001" classname="example.NewTest">
    <skipped/>
  </testcase> <!-- testEasy -->
</testsuite> <!-- Test -->
